<?xml version="1.0" encoding="UTF-8"?>
<robot generator="Robot 6.0.2 (Python 3.11.2 on win32)" generated="20230408 02:36:49.929" rpa="false" schemaversion="3">
<suite id="s1" name="WebLocators" source="d:\TechProEdu\PycharmProjects\Automation_RobotFramework\Tests\Travels\WebLocators.robot">
<test id="s1-t1" name="TestCase to demonstrates how to use XPath AND Operator | XPath OR Operator" line="44">
<kw name="Open Browser" library="SeleniumLibrary">
<arg>https://www.salesforce.com/nl/form/signup/freetrial-sales-essentials/</arg>
<arg>${BROWSER}</arg>
<doc>Opens a new browser instance to the optional ``url``.</doc>
<msg timestamp="20230408 02:36:50.067" level="INFO">Opening browser 'chrome' to base url 'https://www.salesforce.com/nl/form/signup/freetrial-sales-essentials/'.</msg>
<status status="PASS" starttime="20230408 02:36:50.066" endtime="20230408 02:36:54.890"/>
</kw>
<kw name="Maximize Browser Window" library="SeleniumLibrary">
<doc>Maximizes current browser window.</doc>
<status status="PASS" starttime="20230408 02:36:54.891" endtime="20230408 02:36:55.018"/>
</kw>
<kw name="Click Element" library="SeleniumLibrary">
<arg>xpath://*[@id="onetrust-reject-all-handler"]</arg>
<doc>Click the element identified by ``locator``.</doc>
<msg timestamp="20230408 02:36:55.020" level="INFO">Clicking element 'xpath://*[@id="onetrust-reject-all-handler"]'.</msg>
<status status="PASS" starttime="20230408 02:36:55.018" endtime="20230408 02:36:55.151"/>
</kw>
<kw name="Input Text" library="SeleniumLibrary">
<arg>xpath://input[@name='UserFirstName' and contains(@id, 'UserFirstName')]</arg>
<arg>HackYourFuture</arg>
<doc>Types the given ``text`` into the text field identified by ``locator``.</doc>
<msg timestamp="20230408 02:36:55.153" level="INFO">Typing text 'HackYourFuture' into text field 'xpath://input[@name='UserFirstName' and contains(@id, 'UserFirstName')]'.</msg>
<status status="PASS" starttime="20230408 02:36:55.152" endtime="20230408 02:36:55.296"/>
</kw>
<kw name="Sleep" library="BuiltIn">
<arg>4s</arg>
<doc>Pauses the test executed for the given time.</doc>
<msg timestamp="20230408 02:36:59.297" level="INFO">Slept 4 seconds</msg>
<status status="PASS" starttime="20230408 02:36:55.296" endtime="20230408 02:36:59.297"/>
</kw>
<kw name="Close Browser" library="SeleniumLibrary">
<doc>Closes the current browser.</doc>
<status status="PASS" starttime="20230408 02:36:59.298" endtime="20230408 02:37:01.576"/>
</kw>
<doc>This test case shows how to use XPath AND Operator | XPath OR Operator</doc>
<status status="PASS" starttime="20230408 02:36:50.066" endtime="20230408 02:37:01.581"/>
</test>
<status status="PASS" starttime="20230408 02:36:49.933" endtime="20230408 02:37:01.585"/>
</suite>
<statistics>
<total>
<stat pass="1" fail="0" skip="0">All Tests</stat>
</total>
<tag>
</tag>
<suite>
<stat pass="1" fail="0" skip="0" id="s1" name="WebLocators">WebLocators</stat>
</suite>
</statistics>
<errors>
</errors>
</robot>
