<?xml version="1.0" encoding="UTF-8"?>
<robot generator="Robot 6.0.2 (Python 3.11.2 on win32)" generated="20230408 03:59:57.832" rpa="false" schemaversion="3">
<suite id="s1" name="WebLocators" source="d:\TechProEdu\PycharmProjects\Automation_RobotFramework\Tests\Travels\WebLocators.robot">
<test id="s1-t1" name="TestCase to demonstrates how to use Axes Method descendant, descendant-or-self" line="73">
<kw name="Open Browser" library="SeleniumLibrary">
<arg>https://www.salesforce.com/nl/form/signup/freetrial-sales-essentials/</arg>
<arg>${BROWSER}</arg>
<doc>Opens a new browser instance to the optional ``url``.</doc>
<msg timestamp="20230408 03:59:57.973" level="INFO">Opening browser 'chrome' to base url 'https://www.salesforce.com/nl/form/signup/freetrial-sales-essentials/'.</msg>
<status status="PASS" starttime="20230408 03:59:57.973" endtime="20230408 04:00:01.952"/>
</kw>
<kw name="Maximize Browser Window" library="SeleniumLibrary">
<doc>Maximizes current browser window.</doc>
<status status="PASS" starttime="20230408 04:00:01.952" endtime="20230408 04:00:02.069"/>
</kw>
<kw name="Click Element" library="SeleniumLibrary">
<arg>xpath://*[@id="onetrust-reject-all-handler"]</arg>
<doc>Click the element identified by ``locator``.</doc>
<msg timestamp="20230408 04:00:02.072" level="INFO">Clicking element 'xpath://*[@id="onetrust-reject-all-handler"]'.</msg>
<status status="PASS" starttime="20230408 04:00:02.071" endtime="20230408 04:00:02.235"/>
</kw>
<kw name="Wait Until Element Is Visible" library="SeleniumLibrary">
<arg>xpath://*[contains(@class, 'formContainerV2')]//descendant-or-self::div</arg>
<doc>Waits until the element ``locator`` is visible.</doc>
<status status="PASS" starttime="20230408 04:00:02.236" endtime="20230408 04:00:02.274"/>
</kw>
<kw name="Wait Until Element Is Visible" library="SeleniumLibrary">
<arg>xpath://*[contains(@class, 'formContainerV2')]//descendant::div[@class='bodyCopyComponent parbase section']</arg>
<doc>Waits until the element ``locator`` is visible.</doc>
<status status="PASS" starttime="20230408 04:00:02.275" endtime="20230408 04:00:02.299"/>
</kw>
<kw name="Close Browser" library="SeleniumLibrary">
<doc>Closes the current browser.</doc>
<status status="PASS" starttime="20230408 04:00:02.299" endtime="20230408 04:00:04.476"/>
</kw>
<doc>This test case shows how to use Axes Method descendant, descendant-or-self</doc>
<status status="PASS" starttime="20230408 03:59:57.972" endtime="20230408 04:00:04.476"/>
</test>
<status status="PASS" starttime="20230408 03:59:57.836" endtime="20230408 04:00:04.478"/>
</suite>
<statistics>
<total>
<stat pass="1" fail="0" skip="0">All Tests</stat>
</total>
<tag>
</tag>
<suite>
<stat pass="1" fail="0" skip="0" id="s1" name="WebLocators">WebLocators</stat>
</suite>
</statistics>
<errors>
</errors>
</robot>
