<?xml version="1.0" encoding="UTF-8"?>
<robot generator="Robot 6.0.2 (Python 3.11.2 on win32)" generated="20230408 00:56:18.943" rpa="false" schemaversion="3">
<suite id="s1" name="DynamicWebElements" source="D:\TechProEdu\PycharmProjects\Automation_RobotFramework\Tests\Travels\DynamicWebElements.robot">
<test id="s1-t1" name="TestCase to demonstrates how to locate Dynamic WebElements in Robot Framework" line="9">
<kw name="Open Browser" library="SeleniumLibrary">
<arg>${URL}</arg>
<arg>${BROWSER}</arg>
<doc>Opens a new browser instance to the optional ``url``.</doc>
<msg timestamp="20230408 00:56:19.070" level="INFO">Opening browser 'chrome' to base url 'http://www.uitestingplayground.com/dynamicid'.</msg>
<status status="PASS" starttime="20230408 00:56:19.070" endtime="20230408 00:56:22.412"/>
</kw>
<kw name="Maximize Browser Window" library="SeleniumLibrary">
<doc>Maximizes current browser window.</doc>
<status status="PASS" starttime="20230408 00:56:22.413" endtime="20230408 00:56:22.536"/>
</kw>
<kw name="Wait Until Element Is Visible" library="SeleniumLibrary">
<arg>xpath=//button[contains(text(), 'Button with Dynamic ID')]</arg>
<doc>Waits until the element ``locator`` is visible.</doc>
<status status="PASS" starttime="20230408 00:56:22.537" endtime="20230408 00:56:22.568"/>
</kw>
<kw name="Run Keyword And Return Status" library="BuiltIn">
<var>${dynamic_id}</var>
<arg>Element Should Be Visible</arg>
<arg>xpath=//button[contains(text(), 'Button with Dynamic ID')]@id</arg>
<doc>Runs the given keyword with given arguments and returns the status as a Boolean value.</doc>
<kw name="Element Should Be Visible" library="SeleniumLibrary">
<arg>xpath=//button[contains(text(), 'Button with Dynamic ID')]@id</arg>
<doc>Verifies that the element identified by ``locator`` is visible.</doc>
<msg timestamp="20230408 00:56:22.806" level="INFO" html="true">&lt;/td&gt;&lt;/tr&gt;&lt;tr&gt;&lt;td colspan="3"&gt;&lt;a href="selenium-screenshot-5.png"&gt;&lt;img src="selenium-screenshot-5.png" width="800px"&gt;&lt;/a&gt;</msg>
<msg timestamp="20230408 00:56:22.807" level="FAIL">InvalidSelectorException: Message: invalid selector: Unable to locate an element with the xpath expression //button[contains(text(), 'Button with Dynamic ID')]@id because of the following error:
SyntaxError: Failed to execute 'evaluate' on 'Document': The string '//button[contains(text(), 'Button with Dynamic ID')]@id' is not a valid XPath expression.
  (Session info: chrome=111.0.5563.147)
Stacktrace:
Backtrace:
	(No symbol) [0x00F9DCE3]
	(No symbol) [0x00F339D1]
	(No symbol) [0x00E44DA8]
	(No symbol) [0x00E476FB]
	(No symbol) [0x00E475D0]
	(No symbol) [0x00E47850]
	(No symbol) [0x00E6FDF8]
	(No symbol) [0x00E703AB]
	(No symbol) [0x00E9EE9C]
	(No symbol) [0x00E8AF14]
	(No symbol) [0x00E9D57C]
	(No symbol) [0x00E8ACC6]
	(No symbol) [0x00E66F68]
	(No symbol) [0x00E680CD]
	GetHandleVerifier [0x01213832+2506274]
	GetHandleVerifier [0x01249794+2727300]
	GetHandleVerifier [0x0124E36C+2746716]
	GetHandleVerifier [0x01046690+617600]
	(No symbol) [0x00F3C712]
	(No symbol) [0x00F41FF8]
	(No symbol) [0x00F420DB]
	(No symbol) [0x00F4C63B]
	BaseThreadInitThunk [0x775B7D49+25]
	RtlInitializeExceptionChain [0x77E3B74B+107]
	RtlClearBits [0x77E3B6CF+191]
</msg>
<status status="FAIL" starttime="20230408 00:56:22.569" endtime="20230408 00:56:22.809"/>
</kw>
<msg timestamp="20230408 00:56:22.809" level="INFO">${dynamic_id} = False</msg>
<status status="PASS" starttime="20230408 00:56:22.569" endtime="20230408 00:56:22.809"/>
</kw>
<kw name="Run Keyword If" library="BuiltIn">
<arg>'${dynamic_id}' == 'True'</arg>
<arg>Input Text</arg>
<arg>xpath=//button[contains(text(), 'Button with Dynamic ID')]</arg>
<arg>Test Input</arg>
<doc>Runs the given keyword with the given arguments, if ``condition`` is true.</doc>
<status status="PASS" starttime="20230408 00:56:22.809" endtime="20230408 00:56:22.809"/>
</kw>
<kw name="Sleep" library="BuiltIn">
<arg>2s</arg>
<doc>Pauses the test executed for the given time.</doc>
<msg timestamp="20230408 00:56:24.811" level="INFO">Slept 2 seconds</msg>
<status status="PASS" starttime="20230408 00:56:22.810" endtime="20230408 00:56:24.811"/>
</kw>
<kw name="Close Browser" library="SeleniumLibrary">
<doc>Closes the current browser.</doc>
<status status="PASS" starttime="20230408 00:56:24.811" endtime="20230408 00:56:27.021"/>
</kw>
<doc>This is a sample test case that demonstrates how to locate dynamic web elements in Robot Framework</doc>
<status status="PASS" starttime="20230408 00:56:19.069" endtime="20230408 00:56:27.022"/>
</test>
<status status="PASS" starttime="20230408 00:56:18.944" endtime="20230408 00:56:27.025"/>
</suite>
<statistics>
<total>
<stat pass="1" fail="0" skip="0">All Tests</stat>
</total>
<tag>
</tag>
<suite>
<stat pass="1" fail="0" skip="0" id="s1" name="DynamicWebElements">DynamicWebElements</stat>
</suite>
</statistics>
<errors>
</errors>
</robot>
