<?xml version="1.0" encoding="UTF-8"?>
<robot generator="Robot 6.0.2 (Python 3.11.2 on win32)" generated="20230407 04:35:29.080" rpa="false" schemaversion="3">
<suite id="s1" name="WebLocators" source="D:\TechProEdu\PycharmProjects\Automation_RobotFramework\Tests\Travels\WebLocators.robot">
<test id="s1-t1" name="TestCase to demostrate WebLocators in Robot FrameWork" line="6">
<kw name="Open Browser" library="SeleniumLibrary">
<arg>https://www.ebay.com</arg>
<arg>chrome</arg>
<doc>Opens a new browser instance to the optional ``url``.</doc>
<msg timestamp="20230407 04:35:29.208" level="INFO">Opening browser 'chrome' to base url 'https://www.ebay.com'.</msg>
<status status="PASS" starttime="20230407 04:35:29.207" endtime="20230407 04:35:33.296"/>
</kw>
<kw name="Maximize Browser Window" library="SeleniumLibrary">
<doc>Maximizes current browser window.</doc>
<status status="PASS" starttime="20230407 04:35:33.296" endtime="20230407 04:35:33.414"/>
</kw>
<kw name="Input Text" library="SeleniumLibrary">
<arg>name:_nkw</arg>
<arg>robot</arg>
<doc>Types the given ``text`` into the text field identified by ``locator``.</doc>
<msg timestamp="20230407 04:35:33.415" level="INFO">Typing text 'robot' into text field 'name:_nkw'.</msg>
<status status="PASS" starttime="20230407 04:35:33.415" endtime="20230407 04:35:33.672"/>
</kw>
<kw name="Sleep" library="BuiltIn">
<arg>4s</arg>
<doc>Pauses the test executed for the given time.</doc>
<msg timestamp="20230407 04:35:37.672" level="INFO">Slept 4 seconds</msg>
<status status="PASS" starttime="20230407 04:35:33.672" endtime="20230407 04:35:37.672"/>
</kw>
<kw name="Close Browser" library="SeleniumLibrary">
<doc>Closes the current browser.</doc>
<status status="PASS" starttime="20230407 04:35:37.672" endtime="20230407 04:35:40.000"/>
</kw>
<doc>This is sample test case to demostrate WebLocators in Robot FrameWork</doc>
<status status="PASS" starttime="20230407 04:35:29.207" endtime="20230407 04:35:40.001"/>
</test>
<status status="PASS" starttime="20230407 04:35:29.082" endtime="20230407 04:35:40.004"/>
</suite>
<statistics>
<total>
<stat pass="1" fail="0" skip="0">All Tests</stat>
</total>
<tag>
</tag>
<suite>
<stat pass="1" fail="0" skip="0" id="s1" name="WebLocators">WebLocators</stat>
</suite>
</statistics>
<errors>
</errors>
</robot>
