<?xml version="1.0" encoding="UTF-8"?>
<robot generator="Robot 6.0.2 (Python 3.11.2 on win32)" generated="20230401 04:34:40.473" rpa="false" schemaversion="3">
<suite id="s1" name="GoogleSearch" source="D:\TechProEdu\PycharmProjects\Automation_RobotFramework\Tests\Google\FunctionalTestSuit\GoogleSearch.robot">
<test id="s1-t1" name="This is sample test case" line="8">
<kw name="Open Browser" library="SeleniumLibrary">
<arg>https://www.google.nl/</arg>
<arg>chrome</arg>
<doc>Opens a new browser instance to the optional ``url``.</doc>
<msg timestamp="20230401 04:34:40.608" level="INFO">Opening browser 'chrome' to base url 'https://www.google.nl/'.</msg>
<status status="PASS" starttime="20230401 04:34:40.608" endtime="20230401 04:34:44.224"/>
</kw>
<kw name="Close Browser" library="SeleniumLibrary">
<doc>Closes the current browser.</doc>
<status status="PASS" starttime="20230401 04:34:44.224" endtime="20230401 04:34:46.382"/>
</kw>
<doc>Google test</doc>
<tag>regression</tag>
<status status="PASS" starttime="20230401 04:34:40.608" endtime="20230401 04:34:46.384"/>
</test>
<status status="PASS" starttime="20230401 04:34:40.474" endtime="20230401 04:34:46.388"/>
</suite>
<statistics>
<total>
<stat pass="1" fail="0" skip="0">All Tests</stat>
</total>
<tag>
<stat pass="1" fail="0" skip="0">regression</stat>
</tag>
<suite>
<stat pass="1" fail="0" skip="0" id="s1" name="GoogleSearch">GoogleSearch</stat>
</suite>
</statistics>
<errors>
</errors>
</robot>
