<?xml version="1.0" encoding="UTF-8"?>
<robot generator="Robot 6.0.2 (Python 3.11.2 on win32)" generated="20230403 01:30:42.151" rpa="false" schemaversion="3">
<suite id="s1" name="Verify Search Func" source="D:\TechProEdu\PycharmProjects\Automation_RobotFramework\Tests\eBay\Verify_Search_Func.robot">
<test id="s1-t1" name="Verify basic search functionality" line="16">
<kw name="Start TestCase" library="Common_Func_Path" type="SETUP">
<kw name="Open Browser" library="SeleniumLibrary">
<arg>https://www.ebay.com/</arg>
<arg>chrome</arg>
<doc>Opens a new browser instance to the optional ``url``.</doc>
<msg timestamp="20230403 01:30:42.356" level="INFO">Opening browser 'chrome' to base url 'https://www.ebay.com/'.</msg>
<status status="PASS" starttime="20230403 01:30:42.356" endtime="20230403 01:30:46.931"/>
</kw>
<kw name="Maximize Browser Window" library="SeleniumLibrary">
<doc>Maximizes current browser window.</doc>
<status status="PASS" starttime="20230403 01:30:46.931" endtime="20230403 01:30:47.080"/>
</kw>
<status status="PASS" starttime="20230403 01:30:42.356" endtime="20230403 01:30:47.080"/>
</kw>
<kw name="Input Search Text and Click Search" library="HeaderPage">
<kw name="Input Text" library="SeleniumLibrary">
<arg>xpath://*[@id="gh-ac"]</arg>
<arg>${search_text.key1}</arg>
<doc>Types the given ``text`` into the text field identified by ``locator``.</doc>
<msg timestamp="20230403 01:30:47.082" level="INFO">Typing text 'books' into text field 'xpath://*[@id="gh-ac"]'.</msg>
<status status="PASS" starttime="20230403 01:30:47.081" endtime="20230403 01:30:47.311"/>
</kw>
<kw name="Press Keys" library="SeleniumLibrary">
<arg>xpath://*[@id="gh-btn"]</arg>
<arg>RETURN</arg>
<doc>Simulates the user pressing key(s) to an element or on the active browser.</doc>
<msg timestamp="20230403 01:30:47.311" level="INFO">Sending key(s) ('RETURN',) to xpath://*[@id="gh-btn"] element.</msg>
<msg timestamp="20230403 01:30:51.613" level="INFO">Pressing special key RETURN to element.</msg>
<msg timestamp="20230403 01:30:51.613" level="INFO">Releasing special key RETURN.</msg>
<status status="PASS" starttime="20230403 01:30:47.311" endtime="20230403 01:30:51.640"/>
</kw>
<status status="PASS" starttime="20230403 01:30:47.081" endtime="20230403 01:30:51.640"/>
</kw>
<kw name="Verify Search Results" library="SearchResultsPage">
<kw name="Page Should Contain" library="SeleniumLibrary">
<arg>${search_result} ${search_text.key1}</arg>
<doc>Verifies that current page contains ``text``.</doc>
<msg timestamp="20230403 01:30:51.695" level="INFO">Current page contains text 'results for books'.</msg>
<status status="PASS" starttime="20230403 01:30:51.640" endtime="20230403 01:30:51.695"/>
</kw>
<status status="PASS" starttime="20230403 01:30:51.640" endtime="20230403 01:30:51.695"/>
</kw>
<kw name="Search for Another Text" library="HeaderPage">
<kw name="Input Text" library="SeleniumLibrary">
<arg>xpath://*[@id="gh-ac"]</arg>
<arg>${search_text.key2}</arg>
<doc>Types the given ``text`` into the text field identified by ``locator``.</doc>
<msg timestamp="20230403 01:30:51.698" level="INFO">Typing text 'travel' into text field 'xpath://*[@id="gh-ac"]'.</msg>
<status status="PASS" starttime="20230403 01:30:51.697" endtime="20230403 01:30:52.009"/>
</kw>
<kw name="Press Keys" library="SeleniumLibrary">
<arg>xpath://*[@id="gh-btn"]</arg>
<arg>RETURN</arg>
<doc>Simulates the user pressing key(s) to an element or on the active browser.</doc>
<msg timestamp="20230403 01:30:52.011" level="INFO">Sending key(s) ('RETURN',) to xpath://*[@id="gh-btn"] element.</msg>
<msg timestamp="20230403 01:30:54.811" level="INFO">Pressing special key RETURN to element.</msg>
<msg timestamp="20230403 01:30:54.812" level="INFO">Releasing special key RETURN.</msg>
<status status="PASS" starttime="20230403 01:30:52.009" endtime="20230403 01:30:54.892"/>
</kw>
<status status="PASS" starttime="20230403 01:30:51.697" endtime="20230403 01:30:54.892"/>
</kw>
<kw name="Verify Another Search Result" library="SearchResultsPage">
<kw name="Page Should Contain" library="SeleniumLibrary">
<arg>${search_result} ${search_text.key2}</arg>
<doc>Verifies that current page contains ``text``.</doc>
<msg timestamp="20230403 01:30:54.922" level="INFO">Current page contains text 'results for travel'.</msg>
<status status="PASS" starttime="20230403 01:30:54.892" endtime="20230403 01:30:54.922"/>
</kw>
<status status="PASS" starttime="20230403 01:30:54.892" endtime="20230403 01:30:54.922"/>
</kw>
<kw name="Finish TestCase" library="Common_Func_Path" type="TEARDOWN">
<kw name="Close Browser" library="SeleniumLibrary">
<doc>Closes the current browser.</doc>
<status status="PASS" starttime="20230403 01:30:54.922" endtime="20230403 01:30:57.256"/>
</kw>
<status status="PASS" starttime="20230403 01:30:54.922" endtime="20230403 01:30:57.256"/>
</kw>
<doc>This test case verifies the basic search</doc>
<tag>functional</tag>
<status status="PASS" starttime="20230403 01:30:42.356" endtime="20230403 01:30:57.256"/>
</test>
<doc>Basic Search Functionality</doc>
<status status="PASS" starttime="20230403 01:30:42.153" endtime="20230403 01:30:57.256"/>
</suite>
<statistics>
<total>
<stat pass="1" fail="0" skip="0">All Tests</stat>
</total>
<tag>
<stat pass="1" fail="0" skip="0">functional</stat>
</tag>
<suite>
<stat pass="1" fail="0" skip="0" id="s1" name="Verify Search Func">Verify Search Func</stat>
</suite>
</statistics>
<errors>
</errors>
</robot>
