<?xml version="1.0" encoding="UTF-8"?>
<robot generator="Robot 6.0.2 (Python 3.11.2 on win32)" generated="20230407 04:54:01.117" rpa="false" schemaversion="3">
<suite id="s1" name="WebLocators" source="D:\TechProEdu\PycharmProjects\Automation_RobotFramework\Tests\Travels\WebLocators.robot">
<test id="s1-t1" name="TestCase to demostrate WebLocators in Robot FrameWork" line="6">
<kw name="Open Browser" library="SeleniumLibrary">
<arg>https://www.ebay.com</arg>
<arg>chrome</arg>
<doc>Opens a new browser instance to the optional ``url``.</doc>
<msg timestamp="20230407 04:54:01.245" level="INFO">Opening browser 'chrome' to base url 'https://www.ebay.com'.</msg>
<status status="PASS" starttime="20230407 04:54:01.245" endtime="20230407 04:54:05.494"/>
</kw>
<kw name="Maximize Browser Window" library="SeleniumLibrary">
<doc>Maximizes current browser window.</doc>
<status status="PASS" starttime="20230407 04:54:05.494" endtime="20230407 04:54:05.621"/>
</kw>
<kw name="Click Link" library="SeleniumLibrary">
<arg>partial link:Seasonal Sales</arg>
<doc>Clicks a link identified by ``locator``.</doc>
<msg timestamp="20230407 04:54:05.622" level="INFO">Clicking link 'partial link:Seasonal Sales'.</msg>
<status status="PASS" starttime="20230407 04:54:05.621" endtime="20230407 04:54:08.996"/>
</kw>
<kw name="Sleep" library="BuiltIn">
<arg>4s</arg>
<doc>Pauses the test executed for the given time.</doc>
<msg timestamp="20230407 04:54:12.997" level="INFO">Slept 4 seconds</msg>
<status status="PASS" starttime="20230407 04:54:08.996" endtime="20230407 04:54:12.997"/>
</kw>
<kw name="Close Browser" library="SeleniumLibrary">
<doc>Closes the current browser.</doc>
<status status="PASS" starttime="20230407 04:54:12.997" endtime="20230407 04:54:15.354"/>
</kw>
<doc>This is sample test case to demostrate WebLocators in Robot FrameWork</doc>
<status status="PASS" starttime="20230407 04:54:01.244" endtime="20230407 04:54:15.356"/>
</test>
<status status="PASS" starttime="20230407 04:54:01.118" endtime="20230407 04:54:15.360"/>
</suite>
<statistics>
<total>
<stat pass="1" fail="0" skip="0">All Tests</stat>
</total>
<tag>
</tag>
<suite>
<stat pass="1" fail="0" skip="0" id="s1" name="WebLocators">WebLocators</stat>
</suite>
</statistics>
<errors>
</errors>
</robot>
