<?xml version="1.0" encoding="UTF-8"?>
<robot generator="Robot 6.0.2 (Python 3.11.2 on win32)" generated="20230409 00:06:24.225" rpa="false" schemaversion="3">
<suite id="s1" name="CssSelector" source="D:\TechProEdu\PycharmProjects\Automation_RobotFramework\Tests\Travels\CssSelector.robot">
<test id="s1-t1" name="TestCase to demostrate how to use Selenium CSS Selector in Robot FrameWork" line="10">
<kw name="Open Browser" library="SeleniumLibrary">
<arg>https://www.salesforce.com/nl/form/signup/freetrial-sales-essentials/</arg>
<arg>${BROWSER}</arg>
<doc>Opens a new browser instance to the optional ``url``.</doc>
<msg timestamp="20230409 00:06:24.358" level="INFO">Opening browser 'chrome' to base url 'https://www.salesforce.com/nl/form/signup/freetrial-sales-essentials/'.</msg>
<status status="PASS" starttime="20230409 00:06:24.358" endtime="20230409 00:06:27.932"/>
</kw>
<kw name="Maximize Browser Window" library="SeleniumLibrary">
<doc>Maximizes current browser window.</doc>
<status status="PASS" starttime="20230409 00:06:27.933" endtime="20230409 00:06:28.061"/>
</kw>
<kw name="Click Element" library="SeleniumLibrary">
<arg>xpath://*[@id="onetrust-reject-all-handler"]</arg>
<doc>Click the element identified by ``locator``.</doc>
<msg timestamp="20230409 00:06:28.063" level="INFO">Clicking element 'xpath://*[@id="onetrust-reject-all-handler"]'.</msg>
<status status="PASS" starttime="20230409 00:06:28.062" endtime="20230409 00:06:28.134"/>
</kw>
<kw name="Input Text" library="SeleniumLibrary">
<arg>css:input[name='UserFirstName']</arg>
<arg>Emre</arg>
<doc>Types the given ``text`` into the text field identified by ``locator``.</doc>
<msg timestamp="20230409 00:06:28.136" level="INFO">Typing text 'Emre' into text field 'css:input[name='UserFirstName']'.</msg>
<status status="PASS" starttime="20230409 00:06:28.135" endtime="20230409 00:06:28.245"/>
</kw>
<kw name="Input Text" library="SeleniumLibrary">
<arg>css:input[name='UserLastName']</arg>
<arg>Dursun</arg>
<doc>Types the given ``text`` into the text field identified by ``locator``.</doc>
<msg timestamp="20230409 00:06:28.246" level="INFO">Typing text 'Dursun' into text field 'css:input[name='UserLastName']'.</msg>
<status status="PASS" starttime="20230409 00:06:28.246" endtime="20230409 00:06:28.356"/>
</kw>
<kw name="Click Element" library="SeleniumLibrary">
<arg>css:div.country-state-group.section</arg>
<doc>Click the element identified by ``locator``.</doc>
<msg timestamp="20230409 00:06:28.357" level="INFO">Clicking element 'css:div.country-state-group.section'.</msg>
<status status="PASS" starttime="20230409 00:06:28.357" endtime="20230409 00:06:28.600"/>
</kw>
<kw name="Wait Until Element Is Visible" library="SeleniumLibrary">
<arg>css:button[name='Verzenden'][type='submit'][data-qe='form-submit']</arg>
<doc>Waits until the element ``locator`` is visible.</doc>
<status status="PASS" starttime="20230409 00:06:28.601" endtime="20230409 00:06:28.618"/>
</kw>
<kw name="Input Text" library="SeleniumLibrary">
<arg>css:input[id^='UserTitle']</arg>
<arg>QA Automation Engineer</arg>
<doc>Types the given ``text`` into the text field identified by ``locator``.</doc>
<msg timestamp="20230409 00:06:28.618" level="INFO">Typing text 'QA Automation Engineer' into text field 'css:input[id^='UserTitle']'.</msg>
<status status="PASS" starttime="20230409 00:06:28.618" endtime="20230409 00:06:28.721"/>
</kw>
<kw name="Input Text" library="SeleniumLibrary">
<arg>css:input[name$='Email']</arg>
<arg>info@gmail.com</arg>
<doc>Types the given ``text`` into the text field identified by ``locator``.</doc>
<msg timestamp="20230409 00:06:28.721" level="INFO">Typing text 'info@gmail.com' into text field 'css:input[name$='Email']'.</msg>
<status status="PASS" starttime="20230409 00:06:28.721" endtime="20230409 00:06:28.794"/>
</kw>
<kw name="Input Text" library="SeleniumLibrary">
<arg>css:input[id*='erPhone']</arg>
<arg>088 999 543</arg>
<doc>Types the given ``text`` into the text field identified by ``locator``.</doc>
<msg timestamp="20230409 00:06:28.795" level="INFO">Typing text '088 999 543' into text field 'css:input[id*='erPhone']'.</msg>
<status status="PASS" starttime="20230409 00:06:28.795" endtime="20230409 00:06:28.871"/>
</kw>
<kw name="Click Element" library="SeleniumLibrary">
<arg>css:select[id^='CompanyCountry'] &gt; option[value='NL']</arg>
<doc>Click the element identified by ``locator``.</doc>
<msg timestamp="20230409 00:06:28.872" level="INFO">Clicking element 'css:select[id^='CompanyCountry'] &gt; option[value='NL']'.</msg>
<status status="PASS" starttime="20230409 00:06:28.872" endtime="20230409 00:06:28.897"/>
</kw>
<kw name="Sleep" library="BuiltIn">
<arg>3s</arg>
<doc>Pauses the test executed for the given time.</doc>
<msg timestamp="20230409 00:06:31.899" level="INFO">Slept 3 seconds</msg>
<status status="PASS" starttime="20230409 00:06:28.898" endtime="20230409 00:06:31.899"/>
</kw>
<kw name="Close Browser" library="SeleniumLibrary">
<doc>Closes the current browser.</doc>
<status status="PASS" starttime="20230409 00:06:31.918" endtime="20230409 00:06:34.145"/>
</kw>
<doc>This test case shows how to use Selenium CSS Selector in Robot FrameWork</doc>
<status status="PASS" starttime="20230409 00:06:24.358" endtime="20230409 00:06:34.146"/>
</test>
<status status="PASS" starttime="20230409 00:06:24.226" endtime="20230409 00:06:34.148"/>
</suite>
<statistics>
<total>
<stat pass="1" fail="0" skip="0">All Tests</stat>
</total>
<tag>
</tag>
<suite>
<stat pass="1" fail="0" skip="0" id="s1" name="CssSelector">CssSelector</stat>
</suite>
</statistics>
<errors>
</errors>
</robot>
