<?xml version="1.0" encoding="UTF-8"?>
<robot generator="Robot 6.0.2 (Python 3.11.2 on win32)" generated="20230402 02:34:55.066" rpa="false" schemaversion="3">
<suite id="s1" name="BasicSearch04" source="D:\TechProEdu\PycharmProjects\Automation_RobotFramework\Tests\eBay\BasicSearch04.robot">
<test id="s1-t1" name="Verify basic search functionality for eBay" line="15">
<kw name="Start TestCase" library="Common_Func_Path" type="SETUP">
<kw name="Open Browser" library="SeleniumLibrary">
<arg>https://www.ebay.com/</arg>
<arg>chrome</arg>
<doc>Opens a new browser instance to the optional ``url``.</doc>
<msg timestamp="20230402 02:34:55.200" level="INFO">Opening browser 'chrome' to base url 'https://www.ebay.com/'.</msg>
<status status="PASS" starttime="20230402 02:34:55.200" endtime="20230402 02:34:59.302"/>
</kw>
<kw name="Maximize Browser Window" library="SeleniumLibrary">
<doc>Maximizes current browser window.</doc>
<status status="PASS" starttime="20230402 02:34:59.302" endtime="20230402 02:34:59.458"/>
</kw>
<status status="PASS" starttime="20230402 02:34:55.200" endtime="20230402 02:34:59.459"/>
</kw>
<kw name="Verify Search Results" library="eBay_Keywords_Path">
<kw name="Input Text" library="SeleniumLibrary">
<arg>id:gh-ac</arg>
<arg>mobile</arg>
<doc>Types the given ``text`` into the text field identified by ``locator``.</doc>
<msg timestamp="20230402 02:34:59.460" level="INFO">Typing text 'mobile' into text field 'id:gh-ac'.</msg>
<status status="PASS" starttime="20230402 02:34:59.459" endtime="20230402 02:34:59.745"/>
</kw>
<kw name="Click Button" library="SeleniumLibrary">
<arg>xpath://input[@id='gh-btn']</arg>
<doc>Clicks the button identified by ``locator``.</doc>
<msg timestamp="20230402 02:34:59.745" level="INFO">Clicking button 'xpath://input[@id='gh-btn']'.</msg>
<status status="PASS" starttime="20230402 02:34:59.745" endtime="20230402 02:35:01.860"/>
</kw>
<kw name="Page Should Contain" library="SeleniumLibrary">
<arg>results for mobile</arg>
<doc>Verifies that current page contains ``text``.</doc>
<msg timestamp="20230402 02:35:01.906" level="INFO">Current page contains text 'results for mobile'.</msg>
<status status="PASS" starttime="20230402 02:35:01.860" endtime="20230402 02:35:01.907"/>
</kw>
<status status="PASS" starttime="20230402 02:34:59.459" endtime="20230402 02:35:01.907"/>
</kw>
<kw name="Filter Results by Condition" library="eBay_Keywords_Path">
<kw name="Scroll Element Into View" library="SeleniumLibrary">
<arg>//*[@id="s0-51-15-0-1-2-6"]/li[1]/ul/li[3]</arg>
<doc>Scrolls the element identified by ``locator`` into view.</doc>
<status status="PASS" starttime="20230402 02:35:01.907" endtime="20230402 02:35:02.366"/>
</kw>
<kw name="Sleep" library="BuiltIn">
<arg>3</arg>
<doc>Pauses the test executed for the given time.</doc>
<msg timestamp="20230402 02:35:05.367" level="INFO">Slept 3 seconds</msg>
<status status="PASS" starttime="20230402 02:35:02.366" endtime="20230402 02:35:05.367"/>
</kw>
<kw name="Click Element" library="SeleniumLibrary">
<arg>xpath://*[@id="x-refine__group__2"]/ul/li[1]/div/a/div/span</arg>
<doc>Click the element identified by ``locator``.</doc>
<msg timestamp="20230402 02:35:05.367" level="INFO">Clicking element 'xpath://*[@id="x-refine__group__2"]/ul/li[1]/div/a/div/span'.</msg>
<status status="PASS" starttime="20230402 02:35:05.367" endtime="20230402 02:35:07.037"/>
</kw>
<status status="PASS" starttime="20230402 02:35:01.907" endtime="20230402 02:35:07.038"/>
</kw>
<kw name="Verify Filter Results" library="eBay_Keywords_Path">
<kw name="Page Should Contain Element" library="SeleniumLibrary">
<arg>//*[@id="s0-51-15-6-3-4[0]-3-1-1-list"]/li[1]/div/a/div</arg>
<doc>Verifies that element ``locator`` is found on the current page.</doc>
<msg timestamp="20230402 02:35:07.058" level="INFO">Current page contains element '//*[@id="s0-51-15-6-3-4[0]-3-1-1-list"]/li[1]/div/a/div'.</msg>
<status status="PASS" starttime="20230402 02:35:07.038" endtime="20230402 02:35:07.059"/>
</kw>
<status status="PASS" starttime="20230402 02:35:07.038" endtime="20230402 02:35:07.059"/>
</kw>
<kw name="Finish TestCase" library="Common_Func_Path" type="TEARDOWN">
<kw name="Close Browser" library="SeleniumLibrary">
<doc>Closes the current browser.</doc>
<status status="PASS" starttime="20230402 02:35:07.060" endtime="20230402 02:35:09.557"/>
</kw>
<status status="PASS" starttime="20230402 02:35:07.059" endtime="20230402 02:35:09.557"/>
</kw>
<doc>This test case verifies eBay basic search functionality</doc>
<tag>Functional</tag>
<status status="PASS" starttime="20230402 02:34:55.199" endtime="20230402 02:35:09.557"/>
</test>
<doc>Basic Search Functionality</doc>
<status status="PASS" starttime="20230402 02:34:55.067" endtime="20230402 02:35:09.557"/>
</suite>
<statistics>
<total>
<stat pass="1" fail="0" skip="0">All Tests</stat>
</total>
<tag>
<stat pass="1" fail="0" skip="0">Functional</stat>
</tag>
<suite>
<stat pass="1" fail="0" skip="0" id="s1" name="BasicSearch04">BasicSearch04</stat>
</suite>
</statistics>
<errors>
</errors>
</robot>
