<?xml version="1.0" encoding="UTF-8"?>
<robot generator="Robot 6.0.2 (Python 3.11.2 on win32)" generated="20230401 17:08:58.681" rpa="false" schemaversion="3">
<suite id="s1" name="BasicSearch" source="D:\TechProEdu\PycharmProjects\Automation_RobotFramework\Tests\eBay\BasicSearch.robot">
<test id="s1-t1" name="Verify basic search functionality for eBay" line="10">
<kw name="Start TestCase">
<kw name="Open Browser" library="SeleniumLibrary">
<arg>https://www.ebay.com/</arg>
<arg>chrome</arg>
<doc>Opens a new browser instance to the optional ``url``.</doc>
<msg timestamp="20230401 17:08:58.826" level="INFO">Opening browser 'chrome' to base url 'https://www.ebay.com/'.</msg>
<status status="PASS" starttime="20230401 17:08:58.826" endtime="20230401 17:09:03.010"/>
</kw>
<kw name="Maximize Browser Window" library="SeleniumLibrary">
<doc>Maximizes current browser window.</doc>
<status status="PASS" starttime="20230401 17:09:03.010" endtime="20230401 17:09:03.142"/>
</kw>
<status status="PASS" starttime="20230401 17:08:58.825" endtime="20230401 17:09:03.142"/>
</kw>
<kw name="Verify Search Results">
<kw name="Input Text" library="SeleniumLibrary">
<arg>id:gh-ac</arg>
<arg>mobile</arg>
<doc>Types the given ``text`` into the text field identified by ``locator``.</doc>
<msg timestamp="20230401 17:09:03.143" level="INFO">Typing text 'mobile' into text field 'id:gh-ac'.</msg>
<status status="PASS" starttime="20230401 17:09:03.143" endtime="20230401 17:09:03.344"/>
</kw>
<kw name="Click Button" library="SeleniumLibrary">
<arg>xpath://input[@id='gh-btn']</arg>
<doc>Clicks the button identified by ``locator``.</doc>
<msg timestamp="20230401 17:09:03.345" level="INFO">Clicking button 'xpath://input[@id='gh-btn']'.</msg>
<status status="PASS" starttime="20230401 17:09:03.344" endtime="20230401 17:09:05.401"/>
</kw>
<kw name="Page Should Contain" library="SeleniumLibrary">
<arg>results for mobile</arg>
<doc>Verifies that current page contains ``text``.</doc>
<msg timestamp="20230401 17:09:05.447" level="INFO">Current page contains text 'results for mobile'.</msg>
<status status="PASS" starttime="20230401 17:09:05.401" endtime="20230401 17:09:05.447"/>
</kw>
<status status="PASS" starttime="20230401 17:09:03.143" endtime="20230401 17:09:05.448"/>
</kw>
<kw name="Finish TestCase">
<kw name="Close Browser" library="SeleniumLibrary">
<doc>Closes the current browser.</doc>
<status status="PASS" starttime="20230401 17:09:05.448" endtime="20230401 17:09:07.659"/>
</kw>
<status status="PASS" starttime="20230401 17:09:05.448" endtime="20230401 17:09:07.660"/>
</kw>
<doc>This test case verifies eBay basic search functionality</doc>
<tag>Functional</tag>
<status status="PASS" starttime="20230401 17:08:58.825" endtime="20230401 17:09:07.661"/>
</test>
<doc>Basic Search Functionality</doc>
<status status="PASS" starttime="20230401 17:08:58.682" endtime="20230401 17:09:07.664"/>
</suite>
<statistics>
<total>
<stat pass="1" fail="0" skip="0">All Tests</stat>
</total>
<tag>
<stat pass="1" fail="0" skip="0">Functional</stat>
</tag>
<suite>
<stat pass="1" fail="0" skip="0" id="s1" name="BasicSearch">BasicSearch</stat>
</suite>
</statistics>
<errors>
</errors>
</robot>
