<?xml version="1.0" encoding="UTF-8"?>
<robot generator="Robot 6.0.2 (Python 3.11.2 on win32)" generated="20230417 03:50:39.152" rpa="false" schemaversion="3">
<suite id="s1" name="DDTBuilt-In" source="D:\TechProEdu\PycharmProjects\Automation_RobotFramework\Tests\DataDrivenTesting\DDTBuilt-In.robot">
<kw name="Start TestCase" library="Common" type="SETUP">
<kw name="Open Browser" library="SeleniumLibrary">
<arg>${url}</arg>
<arg>${browser}</arg>
<doc>Opens a new browser instance to the optional ``url``.</doc>
<msg timestamp="20230417 03:50:39.284" level="INFO">Opening browser 'chrome' to base url 'https://www.saucedemo.com/'.</msg>
<status status="PASS" starttime="20230417 03:50:39.284" endtime="20230417 03:50:42.386"/>
</kw>
<kw name="Maximize Browser Window" library="SeleniumLibrary">
<doc>Maximizes current browser window.</doc>
<status status="PASS" starttime="20230417 03:50:42.386" endtime="20230417 03:50:42.522"/>
</kw>
<kw name="Sleep" library="BuiltIn">
<arg>2s</arg>
<doc>Pauses the test executed for the given time.</doc>
<msg timestamp="20230417 03:50:44.522" level="INFO">Slept 2 seconds</msg>
<status status="PASS" starttime="20230417 03:50:42.522" endtime="20230417 03:50:44.522"/>
</kw>
<status status="PASS" starttime="20230417 03:50:39.283" endtime="20230417 03:50:44.522"/>
</kw>
<test id="s1-t1" name="Verify Login Fails - Blank Username and Blank Password" line="10">
<kw name="Invalid Login Scenarios">
<arg>${EMPTY}</arg>
<arg>${EMPTY}</arg>
<arg>Epic sadface: Username is required</arg>
<kw name="Input Text" library="SeleniumLibrary">
<arg>${txtbox_username}</arg>
<arg>${username}</arg>
<doc>Types the given ``text`` into the text field identified by ``locator``.</doc>
<msg timestamp="20230417 03:50:44.525" level="INFO">Typing text '' into text field 'xpath://input[@id='user-name']'.</msg>
<status status="PASS" starttime="20230417 03:50:44.524" endtime="20230417 03:50:44.574"/>
</kw>
<kw name="Input Text" library="SeleniumLibrary">
<arg>${txtbox_password}</arg>
<arg>${password}</arg>
<doc>Types the given ``text`` into the text field identified by ``locator``.</doc>
<msg timestamp="20230417 03:50:44.576" level="INFO">Typing text '' into text field 'xpath://input[@id='password']'.</msg>
<status status="PASS" starttime="20230417 03:50:44.574" endtime="20230417 03:50:44.620"/>
</kw>
<kw name="Click Button" library="SeleniumLibrary">
<arg>${btn_login}</arg>
<doc>Clicks the button identified by ``locator``.</doc>
<msg timestamp="20230417 03:50:44.620" level="INFO">Clicking button 'xpath://input[@id='login-button']'.</msg>
<status status="PASS" starttime="20230417 03:50:44.620" endtime="20230417 03:50:44.660"/>
</kw>
<kw name="Sleep" library="BuiltIn">
<arg>2s</arg>
<doc>Pauses the test executed for the given time.</doc>
<msg timestamp="20230417 03:50:46.661" level="INFO">Slept 2 seconds</msg>
<status status="PASS" starttime="20230417 03:50:44.660" endtime="20230417 03:50:46.661"/>
</kw>
<kw name="Element Should Contain" library="SeleniumLibrary">
<arg>${txt_error}</arg>
<arg>${error_msg}</arg>
<doc>Verifies that element ``locator`` contains text ``expected``.</doc>
<msg timestamp="20230417 03:50:46.680" level="INFO">Element 'xpath://*[@id="login_button_container"]/div/form/div[3]/h3' contains text 'Epic sadface: Username is required'.</msg>
<status status="PASS" starttime="20230417 03:50:46.661" endtime="20230417 03:50:46.680"/>
</kw>
<status status="PASS" starttime="20230417 03:50:44.523" endtime="20230417 03:50:46.680"/>
</kw>
<status status="PASS" starttime="20230417 03:50:44.522" endtime="20230417 03:50:46.680"/>
</test>
<test id="s1-t2" name="Verify Login Fails - Wrong Username" line="11">
<kw name="Invalid Login Scenarios">
<arg>standard_us</arg>
<arg>secret_sauce</arg>
<arg>Epic sadface: Username and password do not match any user in this service</arg>
<kw name="Input Text" library="SeleniumLibrary">
<arg>${txtbox_username}</arg>
<arg>${username}</arg>
<doc>Types the given ``text`` into the text field identified by ``locator``.</doc>
<msg timestamp="20230417 03:50:46.681" level="INFO">Typing text 'standard_us' into text field 'xpath://input[@id='user-name']'.</msg>
<status status="PASS" starttime="20230417 03:50:46.681" endtime="20230417 03:50:46.723"/>
</kw>
<kw name="Input Text" library="SeleniumLibrary">
<arg>${txtbox_password}</arg>
<arg>${password}</arg>
<doc>Types the given ``text`` into the text field identified by ``locator``.</doc>
<msg timestamp="20230417 03:50:46.723" level="INFO">Typing text 'secret_sauce' into text field 'xpath://input[@id='password']'.</msg>
<status status="PASS" starttime="20230417 03:50:46.723" endtime="20230417 03:50:46.760"/>
</kw>
<kw name="Click Button" library="SeleniumLibrary">
<arg>${btn_login}</arg>
<doc>Clicks the button identified by ``locator``.</doc>
<msg timestamp="20230417 03:50:46.760" level="INFO">Clicking button 'xpath://input[@id='login-button']'.</msg>
<status status="PASS" starttime="20230417 03:50:46.760" endtime="20230417 03:50:46.779"/>
</kw>
<kw name="Sleep" library="BuiltIn">
<arg>2s</arg>
<doc>Pauses the test executed for the given time.</doc>
<msg timestamp="20230417 03:50:48.779" level="INFO">Slept 2 seconds</msg>
<status status="PASS" starttime="20230417 03:50:46.779" endtime="20230417 03:50:48.779"/>
</kw>
<kw name="Element Should Contain" library="SeleniumLibrary">
<arg>${txt_error}</arg>
<arg>${error_msg}</arg>
<doc>Verifies that element ``locator`` contains text ``expected``.</doc>
<msg timestamp="20230417 03:50:48.800" level="INFO">Element 'xpath://*[@id="login_button_container"]/div/form/div[3]/h3' contains text 'Epic sadface: Username and password do not match any user in this service'.</msg>
<status status="PASS" starttime="20230417 03:50:48.779" endtime="20230417 03:50:48.800"/>
</kw>
<status status="PASS" starttime="20230417 03:50:46.681" endtime="20230417 03:50:48.800"/>
</kw>
<status status="PASS" starttime="20230417 03:50:46.681" endtime="20230417 03:50:48.800"/>
</test>
<test id="s1-t3" name="Verify Login Fails - LockedOut User" line="12">
<kw name="Invalid Login Scenarios">
<arg>locked_out_user</arg>
<arg>secret_sauce</arg>
<arg>Epic sadface: Sorry, this user has been locked out.</arg>
<kw name="Input Text" library="SeleniumLibrary">
<arg>${txtbox_username}</arg>
<arg>${username}</arg>
<doc>Types the given ``text`` into the text field identified by ``locator``.</doc>
<msg timestamp="20230417 03:50:48.804" level="INFO">Typing text 'locked_out_user' into text field 'xpath://input[@id='user-name']'.</msg>
<status status="PASS" starttime="20230417 03:50:48.803" endtime="20230417 03:50:48.883"/>
</kw>
<kw name="Input Text" library="SeleniumLibrary">
<arg>${txtbox_password}</arg>
<arg>${password}</arg>
<doc>Types the given ``text`` into the text field identified by ``locator``.</doc>
<msg timestamp="20230417 03:50:48.884" level="INFO">Typing text 'secret_sauce' into text field 'xpath://input[@id='password']'.</msg>
<status status="PASS" starttime="20230417 03:50:48.884" endtime="20230417 03:50:48.924"/>
</kw>
<kw name="Click Button" library="SeleniumLibrary">
<arg>${btn_login}</arg>
<doc>Clicks the button identified by ``locator``.</doc>
<msg timestamp="20230417 03:50:48.924" level="INFO">Clicking button 'xpath://input[@id='login-button']'.</msg>
<status status="PASS" starttime="20230417 03:50:48.924" endtime="20230417 03:50:48.943"/>
</kw>
<kw name="Sleep" library="BuiltIn">
<arg>2s</arg>
<doc>Pauses the test executed for the given time.</doc>
<msg timestamp="20230417 03:50:50.944" level="INFO">Slept 2 seconds</msg>
<status status="PASS" starttime="20230417 03:50:48.944" endtime="20230417 03:50:50.944"/>
</kw>
<kw name="Element Should Contain" library="SeleniumLibrary">
<arg>${txt_error}</arg>
<arg>${error_msg}</arg>
<doc>Verifies that element ``locator`` contains text ``expected``.</doc>
<msg timestamp="20230417 03:50:50.963" level="INFO">Element 'xpath://*[@id="login_button_container"]/div/form/div[3]/h3' contains text 'Epic sadface: Sorry, this user has been locked out.'.</msg>
<status status="PASS" starttime="20230417 03:50:50.944" endtime="20230417 03:50:50.964"/>
</kw>
<status status="PASS" starttime="20230417 03:50:48.803" endtime="20230417 03:50:50.964"/>
</kw>
<status status="PASS" starttime="20230417 03:50:48.802" endtime="20230417 03:50:50.964"/>
</test>
<test id="s1-t4" name="Verify Login Fails - Wrong Password" line="13">
<kw name="Invalid Login Scenarios">
<arg>standard_user</arg>
<arg>secret_sa</arg>
<arg>Epic sadface: Username and password do not match any user in this service</arg>
<kw name="Input Text" library="SeleniumLibrary">
<arg>${txtbox_username}</arg>
<arg>${username}</arg>
<doc>Types the given ``text`` into the text field identified by ``locator``.</doc>
<msg timestamp="20230417 03:50:50.966" level="INFO">Typing text 'standard_user' into text field 'xpath://input[@id='user-name']'.</msg>
<status status="PASS" starttime="20230417 03:50:50.965" endtime="20230417 03:50:51.044"/>
</kw>
<kw name="Input Text" library="SeleniumLibrary">
<arg>${txtbox_password}</arg>
<arg>${password}</arg>
<doc>Types the given ``text`` into the text field identified by ``locator``.</doc>
<msg timestamp="20230417 03:50:51.045" level="INFO">Typing text 'secret_sa' into text field 'xpath://input[@id='password']'.</msg>
<status status="PASS" starttime="20230417 03:50:51.044" endtime="20230417 03:50:51.088"/>
</kw>
<kw name="Click Button" library="SeleniumLibrary">
<arg>${btn_login}</arg>
<doc>Clicks the button identified by ``locator``.</doc>
<msg timestamp="20230417 03:50:51.089" level="INFO">Clicking button 'xpath://input[@id='login-button']'.</msg>
<status status="PASS" starttime="20230417 03:50:51.088" endtime="20230417 03:50:51.134"/>
</kw>
<kw name="Sleep" library="BuiltIn">
<arg>2s</arg>
<doc>Pauses the test executed for the given time.</doc>
<msg timestamp="20230417 03:50:53.134" level="INFO">Slept 2 seconds</msg>
<status status="PASS" starttime="20230417 03:50:51.134" endtime="20230417 03:50:53.134"/>
</kw>
<kw name="Element Should Contain" library="SeleniumLibrary">
<arg>${txt_error}</arg>
<arg>${error_msg}</arg>
<doc>Verifies that element ``locator`` contains text ``expected``.</doc>
<msg timestamp="20230417 03:50:53.156" level="INFO">Element 'xpath://*[@id="login_button_container"]/div/form/div[3]/h3' contains text 'Epic sadface: Username and password do not match any user in this service'.</msg>
<status status="PASS" starttime="20230417 03:50:53.135" endtime="20230417 03:50:53.156"/>
</kw>
<status status="PASS" starttime="20230417 03:50:50.965" endtime="20230417 03:50:53.157"/>
</kw>
<status status="PASS" starttime="20230417 03:50:50.965" endtime="20230417 03:50:53.157"/>
</test>
<test id="s1-t5" name="Verify Login Fails - Wrong Username and Password" line="14">
<kw name="Invalid Login Scenarios">
<arg>standard_u</arg>
<arg>secret_s</arg>
<arg>Epic sadface: Username and password do not match any user in this service</arg>
<kw name="Input Text" library="SeleniumLibrary">
<arg>${txtbox_username}</arg>
<arg>${username}</arg>
<doc>Types the given ``text`` into the text field identified by ``locator``.</doc>
<msg timestamp="20230417 03:50:53.159" level="INFO">Typing text 'standard_u' into text field 'xpath://input[@id='user-name']'.</msg>
<status status="PASS" starttime="20230417 03:50:53.159" endtime="20230417 03:50:53.237"/>
</kw>
<kw name="Input Text" library="SeleniumLibrary">
<arg>${txtbox_password}</arg>
<arg>${password}</arg>
<doc>Types the given ``text`` into the text field identified by ``locator``.</doc>
<msg timestamp="20230417 03:50:53.238" level="INFO">Typing text 'secret_s' into text field 'xpath://input[@id='password']'.</msg>
<status status="PASS" starttime="20230417 03:50:53.237" endtime="20230417 03:50:53.273"/>
</kw>
<kw name="Click Button" library="SeleniumLibrary">
<arg>${btn_login}</arg>
<doc>Clicks the button identified by ``locator``.</doc>
<msg timestamp="20230417 03:50:53.273" level="INFO">Clicking button 'xpath://input[@id='login-button']'.</msg>
<status status="PASS" starttime="20230417 03:50:53.273" endtime="20230417 03:50:53.295"/>
</kw>
<kw name="Sleep" library="BuiltIn">
<arg>2s</arg>
<doc>Pauses the test executed for the given time.</doc>
<msg timestamp="20230417 03:50:55.296" level="INFO">Slept 2 seconds</msg>
<status status="PASS" starttime="20230417 03:50:53.295" endtime="20230417 03:50:55.296"/>
</kw>
<kw name="Element Should Contain" library="SeleniumLibrary">
<arg>${txt_error}</arg>
<arg>${error_msg}</arg>
<doc>Verifies that element ``locator`` contains text ``expected``.</doc>
<msg timestamp="20230417 03:50:55.308" level="INFO">Element 'xpath://*[@id="login_button_container"]/div/form/div[3]/h3' contains text 'Epic sadface: Username and password do not match any user in this service'.</msg>
<status status="PASS" starttime="20230417 03:50:55.296" endtime="20230417 03:50:55.308"/>
</kw>
<status status="PASS" starttime="20230417 03:50:53.159" endtime="20230417 03:50:55.308"/>
</kw>
<status status="PASS" starttime="20230417 03:50:53.158" endtime="20230417 03:50:55.308"/>
</test>
<kw name="Finish TestCase" library="Common" type="TEARDOWN">
<kw name="Close Browser" library="SeleniumLibrary">
<doc>Closes the current browser.</doc>
<status status="PASS" starttime="20230417 03:50:55.314" endtime="20230417 03:50:57.560"/>
</kw>
<status status="PASS" starttime="20230417 03:50:55.314" endtime="20230417 03:50:57.560"/>
</kw>
<status status="PASS" starttime="20230417 03:50:39.153" endtime="20230417 03:50:57.560"/>
</suite>
<statistics>
<total>
<stat pass="5" fail="0" skip="0">All Tests</stat>
</total>
<tag>
</tag>
<suite>
<stat pass="5" fail="0" skip="0" id="s1" name="DDTBuilt-In">DDTBuilt-In</stat>
</suite>
</statistics>
<errors>
<msg timestamp="20230417 03:50:39.281" level="WARN">Imported resource file 'D:\TechProEdu\PycharmProjects\Automation_RobotFramework\Tests\TestData\ConfigData.robot' is empty.</msg>
</errors>
</robot>
