<?xml version="1.0" encoding="UTF-8"?>
<robot generator="Robot 6.0.2 (Python 3.11.2 on win32)" generated="20230401 19:01:15.005" rpa="false" schemaversion="3">
<suite id="s1" name="BasicSearch02" source="D:\TechProEdu\PycharmProjects\Automation_RobotFramework\Tests\eBay\BasicSearch02.robot">
<test id="s1-t1" name="Verify basic search functionality for eBay" line="12">
<kw name="Start TestCase" library="CommonFunctionality">
<kw name="Open Browser" library="SeleniumLibrary">
<arg>https://www.ebay.com/</arg>
<arg>chrome</arg>
<doc>Opens a new browser instance to the optional ``url``.</doc>
<msg timestamp="20230401 19:01:15.144" level="INFO">Opening browser 'chrome' to base url 'https://www.ebay.com/'.</msg>
<status status="PASS" starttime="20230401 19:01:15.143" endtime="20230401 19:01:19.346"/>
</kw>
<kw name="Maximize Browser Window" library="SeleniumLibrary">
<doc>Maximizes current browser window.</doc>
<status status="PASS" starttime="20230401 19:01:19.346" endtime="20230401 19:01:19.465"/>
</kw>
<status status="PASS" starttime="20230401 19:01:15.143" endtime="20230401 19:01:19.465"/>
</kw>
<kw name="Verify Search Results" library="eBay_UserDefinedKeywords">
<kw name="Input Text" library="SeleniumLibrary">
<arg>id:gh-ac</arg>
<arg>mobile</arg>
<doc>Types the given ``text`` into the text field identified by ``locator``.</doc>
<msg timestamp="20230401 19:01:19.466" level="INFO">Typing text 'mobile' into text field 'id:gh-ac'.</msg>
<status status="PASS" starttime="20230401 19:01:19.466" endtime="20230401 19:01:19.681"/>
</kw>
<kw name="Click Button" library="SeleniumLibrary">
<arg>xpath://input[@id='gh-btn']</arg>
<doc>Clicks the button identified by ``locator``.</doc>
<msg timestamp="20230401 19:01:19.682" level="INFO">Clicking button 'xpath://input[@id='gh-btn']'.</msg>
<status status="PASS" starttime="20230401 19:01:19.681" endtime="20230401 19:01:23.079"/>
</kw>
<kw name="Page Should Contain" library="SeleniumLibrary">
<arg>results for mobile</arg>
<doc>Verifies that current page contains ``text``.</doc>
<msg timestamp="20230401 19:01:23.208" level="INFO">Current page contains text 'results for mobile'.</msg>
<status status="PASS" starttime="20230401 19:01:23.079" endtime="20230401 19:01:23.208"/>
</kw>
<status status="PASS" starttime="20230401 19:01:19.465" endtime="20230401 19:01:23.208"/>
</kw>
<kw name="Filter Results by Condition" library="eBay_UserDefinedKeywords">
<kw name="Scroll Element Into View" library="SeleniumLibrary">
<arg>//*[@id="s0-51-15-0-1-2-6"]/li[1]/ul/li[3]</arg>
<doc>Scrolls the element identified by ``locator`` into view.</doc>
<status status="PASS" starttime="20230401 19:01:23.208" endtime="20230401 19:01:23.612"/>
</kw>
<kw name="Sleep" library="BuiltIn">
<arg>3</arg>
<doc>Pauses the test executed for the given time.</doc>
<msg timestamp="20230401 19:01:26.612" level="INFO">Slept 3 seconds</msg>
<status status="PASS" starttime="20230401 19:01:23.612" endtime="20230401 19:01:26.612"/>
</kw>
<kw name="Click Element" library="SeleniumLibrary">
<arg>xpath://*[@id="x-refine__group__2"]/ul/li[1]/div/a/div/span</arg>
<doc>Click the element identified by ``locator``.</doc>
<msg timestamp="20230401 19:01:26.612" level="INFO">Clicking element 'xpath://*[@id="x-refine__group__2"]/ul/li[1]/div/a/div/span'.</msg>
<status status="PASS" starttime="20230401 19:01:26.612" endtime="20230401 19:01:28.187"/>
</kw>
<status status="PASS" starttime="20230401 19:01:23.208" endtime="20230401 19:01:28.187"/>
</kw>
<kw name="Verify Filter Results" library="eBay_UserDefinedKeywords">
<kw name="Page Should Contain Element" library="SeleniumLibrary">
<arg>//*[@id="s0-51-15-6-3-4[0]-3-1-1-list"]/li[1]/div/a/div</arg>
<doc>Verifies that element ``locator`` is found on the current page.</doc>
<msg timestamp="20230401 19:01:28.206" level="INFO">Current page contains element '//*[@id="s0-51-15-6-3-4[0]-3-1-1-list"]/li[1]/div/a/div'.</msg>
<status status="PASS" starttime="20230401 19:01:28.187" endtime="20230401 19:01:28.206"/>
</kw>
<status status="PASS" starttime="20230401 19:01:28.187" endtime="20230401 19:01:28.206"/>
</kw>
<kw name="Finish TestCase" library="CommonFunctionality">
<kw name="Close Browser" library="SeleniumLibrary">
<doc>Closes the current browser.</doc>
<status status="PASS" starttime="20230401 19:01:28.206" endtime="20230401 19:01:30.484"/>
</kw>
<status status="PASS" starttime="20230401 19:01:28.206" endtime="20230401 19:01:30.484"/>
</kw>
<doc>This test case verifies eBay basic search functionality</doc>
<tag>Functional</tag>
<status status="PASS" starttime="20230401 19:01:15.143" endtime="20230401 19:01:30.485"/>
</test>
<doc>Basic Search Functionality</doc>
<status status="PASS" starttime="20230401 19:01:15.007" endtime="20230401 19:01:30.486"/>
</suite>
<statistics>
<total>
<stat pass="1" fail="0" skip="0">All Tests</stat>
</total>
<tag>
<stat pass="1" fail="0" skip="0">Functional</stat>
</tag>
<suite>
<stat pass="1" fail="0" skip="0" id="s1" name="BasicSearch02">BasicSearch02</stat>
</suite>
</statistics>
<errors>
</errors>
</robot>
