<?xml version="1.0" encoding="UTF-8"?>
<robot generator="Robot 6.0.2 (Python 3.11.2 on win32)" generated="20230401 05:21:11.427" rpa="false" schemaversion="3">
<suite id="s1" name="BasicSearch" source="D:\TechProEdu\PycharmProjects\Automation_RobotFramework\Tests\eBay\BasicSearch.robot">
<test id="s1-t1" name="Verify basic search functionality for eBay" line="10">
<kw name="Open Browser" library="SeleniumLibrary">
<arg>https://www.ebay.com/</arg>
<arg>chrome</arg>
<doc>Opens a new browser instance to the optional ``url``.</doc>
<msg timestamp="20230401 05:21:11.557" level="INFO">Opening browser 'chrome' to base url 'https://www.ebay.com/'.</msg>
<status status="PASS" starttime="20230401 05:21:11.557" endtime="20230401 05:21:16.276"/>
</kw>
<kw name="Maximize Browser Window" library="SeleniumLibrary">
<doc>Maximizes current browser window.</doc>
<status status="PASS" starttime="20230401 05:21:16.278" endtime="20230401 05:21:16.436"/>
</kw>
<kw name="Input Text" library="SeleniumLibrary">
<arg>//input[@id='gh-ac']</arg>
<arg>mobile</arg>
<doc>Types the given ``text`` into the text field identified by ``locator``.</doc>
<msg timestamp="20230401 05:21:16.438" level="INFO">Typing text 'mobile' into text field '//input[@id='gh-ac']'.</msg>
<status status="PASS" starttime="20230401 05:21:16.436" endtime="20230401 05:21:16.876"/>
</kw>
<kw name="Click Button" library="SeleniumLibrary">
<arg>//input[@id='gh-btn']</arg>
<doc>Clicks the button identified by ``locator``.</doc>
<msg timestamp="20230401 05:21:16.877" level="INFO">Clicking button '//input[@id='gh-btn']'.</msg>
<status status="PASS" starttime="20230401 05:21:16.877" endtime="20230401 05:21:20.154"/>
</kw>
<kw name="Page Should Contain" library="SeleniumLibrary">
<arg>results for mobile</arg>
<doc>Verifies that current page contains ``text``.</doc>
<msg timestamp="20230401 05:21:20.304" level="INFO">Current page contains text 'results for mobile'.</msg>
<status status="PASS" starttime="20230401 05:21:20.155" endtime="20230401 05:21:20.304"/>
</kw>
<kw name="Close Browser" library="SeleniumLibrary">
<doc>Closes the current browser.</doc>
<status status="PASS" starttime="20230401 05:21:20.304" endtime="20230401 05:21:22.659"/>
</kw>
<doc>This test case verifies basic search functionality</doc>
<tag>Functional</tag>
<status status="PASS" starttime="20230401 05:21:11.556" endtime="20230401 05:21:22.659"/>
</test>
<doc>Basic Search Functionality</doc>
<status status="PASS" starttime="20230401 05:21:11.430" endtime="20230401 05:21:22.660"/>
</suite>
<statistics>
<total>
<stat pass="1" fail="0" skip="0">All Tests</stat>
</total>
<tag>
<stat pass="1" fail="0" skip="0">Functional</stat>
</tag>
<suite>
<stat pass="1" fail="0" skip="0" id="s1" name="BasicSearch">BasicSearch</stat>
</suite>
</statistics>
<errors>
</errors>
</robot>
