<?xml version="1.0" encoding="UTF-8"?>
<robot generator="Robot 6.0.2 (Python 3.11.2 on win32)" generated="20230406 02:35:17.307" rpa="false" schemaversion="3">
<suite id="s1" name="VariableScope" source="D:\TechProEdu\PycharmProjects\Automation_RobotFramework\Tests\Travels\VariableScope.robot">
<test id="s1-t1" name="This is demo test 1" line="9">
<kw name="Set Variable" library="BuiltIn">
<var>${variable_demo}</var>
<arg>This is TESTCASE variable</arg>
<doc>Returns the given values which can then be assigned to a variables.</doc>
<msg timestamp="20230406 02:35:17.323" level="INFO">${variable_demo} = This is TESTCASE variable</msg>
<status status="PASS" starttime="20230406 02:35:17.323" endtime="20230406 02:35:17.323"/>
</kw>
<kw name="Log" library="BuiltIn">
<arg>${VARIABLE_DEMO}</arg>
<doc>Logs the given message with the given level.</doc>
<msg timestamp="20230406 02:35:17.324" level="INFO">This is TESTCASE variable</msg>
<status status="PASS" starttime="20230406 02:35:17.324" endtime="20230406 02:35:17.324"/>
</kw>
<status status="PASS" starttime="20230406 02:35:17.323" endtime="20230406 02:35:17.324"/>
</test>
<test id="s1-t2" name="This is demo test 2" line="13">
<kw name="Log" library="BuiltIn">
<arg>${VARIABLE_DEMO}</arg>
<doc>Logs the given message with the given level.</doc>
<msg timestamp="20230406 02:35:17.327" level="INFO">This is GLOBAL variable</msg>
<status status="PASS" starttime="20230406 02:35:17.327" endtime="20230406 02:35:17.327"/>
</kw>
<status status="PASS" starttime="20230406 02:35:17.327" endtime="20230406 02:35:17.328"/>
</test>
<test id="s1-t3" name="This is demo test 3" line="16">
<kw name="This is demo Keywords">
<kw name="Log" library="BuiltIn">
<arg>${VARIABLE_DEMO}</arg>
<doc>Logs the given message with the given level.</doc>
<msg timestamp="20230406 02:35:17.330" level="INFO">This is KEYWORD variable</msg>
<status status="PASS" starttime="20230406 02:35:17.330" endtime="20230406 02:35:17.330"/>
</kw>
<status status="PASS" starttime="20230406 02:35:17.329" endtime="20230406 02:35:17.330"/>
</kw>
<status status="PASS" starttime="20230406 02:35:17.329" endtime="20230406 02:35:17.330"/>
</test>
<status status="PASS" starttime="20230406 02:35:17.309" endtime="20230406 02:35:17.331"/>
</suite>
<statistics>
<total>
<stat pass="3" fail="0" skip="0">All Tests</stat>
</total>
<tag>
</tag>
<suite>
<stat pass="3" fail="0" skip="0" id="s1" name="VariableScope">VariableScope</stat>
</suite>
</statistics>
<errors>
</errors>
</robot>
