<?xml version="1.0" encoding="UTF-8"?>
<robot generator="Robot 6.0.2 (Python 3.11.2 on win32)" generated="20230403 01:02:10.396" rpa="false" schemaversion="3">
<suite id="s1" name="Verify Search Func" source="D:\TechProEdu\PycharmProjects\Automation_RobotFramework\Tests\eBay\Verify_Search_Func.robot">
<test id="s1-t1" name="Verify basic search functionality" line="16">
<kw name="Start TestCase" library="Common_Func_Path" type="SETUP">
<kw name="Open Browser" library="SeleniumLibrary">
<arg>https://www.ebay.com/</arg>
<arg>chrome</arg>
<doc>Opens a new browser instance to the optional ``url``.</doc>
<msg timestamp="20230403 01:02:10.545" level="INFO">Opening browser 'chrome' to base url 'https://www.ebay.com/'.</msg>
<status status="PASS" starttime="20230403 01:02:10.544" endtime="20230403 01:02:14.733"/>
</kw>
<kw name="Maximize Browser Window" library="SeleniumLibrary">
<doc>Maximizes current browser window.</doc>
<status status="PASS" starttime="20230403 01:02:14.733" endtime="20230403 01:02:14.860"/>
</kw>
<status status="PASS" starttime="20230403 01:02:10.543" endtime="20230403 01:02:14.860"/>
</kw>
<kw name="Input Search Text and Click Search" library="HeaderPage">
<kw name="Input Text" library="SeleniumLibrary">
<arg>xpath://*[@id="gh-ac"]</arg>
<arg>${search_text}[1]</arg>
<doc>Types the given ``text`` into the text field identified by ``locator``.</doc>
<msg timestamp="20230403 01:02:14.861" level="INFO">Typing text 'travel' into text field 'xpath://*[@id="gh-ac"]'.</msg>
<status status="PASS" starttime="20230403 01:02:14.861" endtime="20230403 01:02:15.156"/>
</kw>
<kw name="Press Keys" library="SeleniumLibrary">
<arg>xpath://*[@id="gh-btn"]</arg>
<arg>RETURN</arg>
<doc>Simulates the user pressing key(s) to an element or on the active browser.</doc>
<msg timestamp="20230403 01:02:15.157" level="INFO">Sending key(s) ('RETURN',) to xpath://*[@id="gh-btn"] element.</msg>
<msg timestamp="20230403 01:02:18.723" level="INFO">Pressing special key RETURN to element.</msg>
<msg timestamp="20230403 01:02:18.723" level="INFO">Releasing special key RETURN.</msg>
<status status="PASS" starttime="20230403 01:02:15.156" endtime="20230403 01:02:18.762"/>
</kw>
<status status="PASS" starttime="20230403 01:02:14.861" endtime="20230403 01:02:18.762"/>
</kw>
<kw name="Verify Search Results" library="SearchResultsPage">
<kw name="Page Should Contain" library="SeleniumLibrary">
<arg>${search_result} ${search_text}[1]</arg>
<doc>Verifies that current page contains ``text``.</doc>
<msg timestamp="20230403 01:02:19.026" level="INFO">Current page contains text 'results for travel'.</msg>
<status status="PASS" starttime="20230403 01:02:18.763" endtime="20230403 01:02:19.026"/>
</kw>
<status status="PASS" starttime="20230403 01:02:18.762" endtime="20230403 01:02:19.026"/>
</kw>
<kw name="Search for Another Text" library="HeaderPage">
<kw name="Input Text" library="SeleniumLibrary">
<arg>xpath://*[@id="gh-ac"]</arg>
<arg>${search_text}[3]</arg>
<doc>Types the given ``text`` into the text field identified by ``locator``.</doc>
<msg timestamp="20230403 01:02:19.028" level="INFO">Typing text 'gifts' into text field 'xpath://*[@id="gh-ac"]'.</msg>
<status status="PASS" starttime="20230403 01:02:19.028" endtime="20230403 01:02:19.279"/>
</kw>
<kw name="Press Keys" library="SeleniumLibrary">
<arg>xpath://*[@id="gh-btn"]</arg>
<arg>RETURN</arg>
<doc>Simulates the user pressing key(s) to an element or on the active browser.</doc>
<msg timestamp="20230403 01:02:19.280" level="INFO">Sending key(s) ('RETURN',) to xpath://*[@id="gh-btn"] element.</msg>
<msg timestamp="20230403 01:02:21.314" level="INFO">Pressing special key RETURN to element.</msg>
<msg timestamp="20230403 01:02:21.314" level="INFO">Releasing special key RETURN.</msg>
<status status="PASS" starttime="20230403 01:02:19.279" endtime="20230403 01:02:21.426"/>
</kw>
<status status="PASS" starttime="20230403 01:02:19.027" endtime="20230403 01:02:21.426"/>
</kw>
<kw name="Verify Another Search Result" library="SearchResultsPage">
<kw name="Page Should Contain" library="SeleniumLibrary">
<arg>${search_result} ${search_text}[3]</arg>
<doc>Verifies that current page contains ``text``.</doc>
<msg timestamp="20230403 01:02:21.450" level="INFO">Current page contains text 'results for gifts'.</msg>
<status status="PASS" starttime="20230403 01:02:21.426" endtime="20230403 01:02:21.450"/>
</kw>
<status status="PASS" starttime="20230403 01:02:21.426" endtime="20230403 01:02:21.450"/>
</kw>
<kw name="Finish TestCase" library="Common_Func_Path" type="TEARDOWN">
<kw name="Close Browser" library="SeleniumLibrary">
<doc>Closes the current browser.</doc>
<status status="PASS" starttime="20230403 01:02:21.450" endtime="20230403 01:02:23.827"/>
</kw>
<status status="PASS" starttime="20230403 01:02:21.450" endtime="20230403 01:02:23.827"/>
</kw>
<doc>This test case verifies the basic search</doc>
<tag>functional</tag>
<status status="PASS" starttime="20230403 01:02:10.543" endtime="20230403 01:02:23.827"/>
</test>
<doc>Basic Search Functionality</doc>
<status status="PASS" starttime="20230403 01:02:10.398" endtime="20230403 01:02:23.827"/>
</suite>
<statistics>
<total>
<stat pass="1" fail="0" skip="0">All Tests</stat>
</total>
<tag>
<stat pass="1" fail="0" skip="0">functional</stat>
</tag>
<suite>
<stat pass="1" fail="0" skip="0" id="s1" name="Verify Search Func">Verify Search Func</stat>
</suite>
</statistics>
<errors>
</errors>
</robot>
