<?xml version="1.0" encoding="UTF-8"?>
<robot generator="Robot 6.0.2 (Python 3.11.2 on win32)" generated="20230407 17:00:03.986" rpa="false" schemaversion="3">
<suite id="s1" name="WebLocators" source="D:\TechProEdu\PycharmProjects\Automation_RobotFramework\Tests\Travels\WebLocators.robot">
<test id="s1-t1" name="TestCase to demostrate Salesforce Page WebLocators in Robot FrameWork" line="18">
<kw name="Open Browser" library="SeleniumLibrary">
<arg>https://www.salesforce.com/nl/form/signup/freetrial-sales-essentials/</arg>
<arg>chrome</arg>
<doc>Opens a new browser instance to the optional ``url``.</doc>
<msg timestamp="20230407 17:00:04.214" level="INFO">Opening browser 'chrome' to base url 'https://www.salesforce.com/nl/form/signup/freetrial-sales-essentials/'.</msg>
<status status="PASS" starttime="20230407 17:00:04.214" endtime="20230407 17:00:08.262"/>
</kw>
<kw name="Maximize Browser Window" library="SeleniumLibrary">
<doc>Maximizes current browser window.</doc>
<status status="PASS" starttime="20230407 17:00:08.262" endtime="20230407 17:00:08.388"/>
</kw>
<kw name="Click Element" library="SeleniumLibrary">
<arg>//*[@id="onetrust-reject-all-handler"]</arg>
<doc>Click the element identified by ``locator``.</doc>
<msg timestamp="20230407 17:00:08.388" level="INFO">Clicking element '//*[@id="onetrust-reject-all-handler"]'.</msg>
<status status="PASS" starttime="20230407 17:00:08.388" endtime="20230407 17:00:08.515"/>
</kw>
<kw name="Input Text" library="SeleniumLibrary">
<arg>//input[@name='UserFirstName']</arg>
<arg>Emre</arg>
<doc>Types the given ``text`` into the text field identified by ``locator``.</doc>
<msg timestamp="20230407 17:00:08.516" level="INFO">Typing text 'Emre' into text field '//input[@name='UserFirstName']'.</msg>
<status status="PASS" starttime="20230407 17:00:08.516" endtime="20230407 17:00:08.717"/>
</kw>
<kw name="Sleep" library="BuiltIn">
<arg>4s</arg>
<doc>Pauses the test executed for the given time.</doc>
<msg timestamp="20230407 17:00:12.718" level="INFO">Slept 4 seconds</msg>
<status status="PASS" starttime="20230407 17:00:08.717" endtime="20230407 17:00:12.718"/>
</kw>
<kw name="Close Browser" library="SeleniumLibrary">
<doc>Closes the current browser.</doc>
<status status="PASS" starttime="20230407 17:00:12.718" endtime="20230407 17:00:15.085"/>
</kw>
<doc>This is sample test case to demostrate Salesforce Page WebLocators in Robot FrameWork</doc>
<status status="PASS" starttime="20230407 17:00:04.214" endtime="20230407 17:00:15.085"/>
</test>
<status status="PASS" starttime="20230407 17:00:03.986" endtime="20230407 17:00:15.089"/>
</suite>
<statistics>
<total>
<stat pass="1" fail="0" skip="0">All Tests</stat>
</total>
<tag>
</tag>
<suite>
<stat pass="1" fail="0" skip="0" id="s1" name="WebLocators">WebLocators</stat>
</suite>
</statistics>
<errors>
</errors>
</robot>
