<?xml version="1.0" encoding="UTF-8"?>
<robot generator="Robot 6.0.2 (Python 3.11.2 on win32)" generated="20230420 03:09:51.831" rpa="false" schemaversion="3">
<suite id="s1" name="DDT-CSV" source="D:\TechProEdu\PycharmProjects\Automation_RobotFramework\Tests\DataDrivenTesting\DDT-CSV.robot">
<kw name="Start TestCase" library="Common" type="SETUP">
<kw name="Open Browser" library="SeleniumLibrary">
<arg>${url}</arg>
<arg>${browser}</arg>
<doc>Opens a new browser instance to the optional ``url``.</doc>
<msg timestamp="20230420 03:09:51.983" level="INFO">Opening browser 'chrome' to base url 'https://www.saucedemo.com/'.</msg>
<status status="PASS" starttime="20230420 03:09:51.983" endtime="20230420 03:09:55.086"/>
</kw>
<kw name="Maximize Browser Window" library="SeleniumLibrary">
<doc>Maximizes current browser window.</doc>
<status status="PASS" starttime="20230420 03:09:55.086" endtime="20230420 03:09:55.203"/>
</kw>
<kw name="Sleep" library="BuiltIn">
<arg>2s</arg>
<doc>Pauses the test executed for the given time.</doc>
<msg timestamp="20230420 03:09:57.204" level="INFO">Slept 2 seconds</msg>
<status status="PASS" starttime="20230420 03:09:55.203" endtime="20230420 03:09:57.204"/>
</kw>
<status status="PASS" starttime="20230420 03:09:51.983" endtime="20230420 03:09:57.204"/>
</kw>
<test id="s1-t1" name="Verify Login Fails Invalid Creds" line="12">
<kw name="Invalid Login Scenarios">
<arg>Epic sadface: Username is required</arg>
<kw name="Input Text" library="SeleniumLibrary">
<arg>${txtbox_username}</arg>
<arg>${username}</arg>
<doc>Types the given ``text`` into the text field identified by ``locator``.</doc>
<msg timestamp="20230420 03:09:57.206" level="INFO">Typing text '' into text field 'xpath://input[@id='user-name']'.</msg>
<status status="PASS" starttime="20230420 03:09:57.205" endtime="20230420 03:09:57.273"/>
</kw>
<kw name="Input Text" library="SeleniumLibrary">
<arg>${txtbox_password}</arg>
<arg>${password}</arg>
<doc>Types the given ``text`` into the text field identified by ``locator``.</doc>
<msg timestamp="20230420 03:09:57.274" level="INFO">Typing text '' into text field 'xpath://input[@id='password']'.</msg>
<status status="PASS" starttime="20230420 03:09:57.273" endtime="20230420 03:09:57.319"/>
</kw>
<kw name="Click Button" library="SeleniumLibrary">
<arg>${btn_login}</arg>
<doc>Clicks the button identified by ``locator``.</doc>
<msg timestamp="20230420 03:09:57.319" level="INFO">Clicking button 'xpath://input[@id='login-button']'.</msg>
<status status="PASS" starttime="20230420 03:09:57.319" endtime="20230420 03:09:57.352"/>
</kw>
<kw name="Sleep" library="BuiltIn">
<arg>2s</arg>
<doc>Pauses the test executed for the given time.</doc>
<msg timestamp="20230420 03:09:59.353" level="INFO">Slept 2 seconds</msg>
<status status="PASS" starttime="20230420 03:09:57.352" endtime="20230420 03:09:59.353"/>
</kw>
<kw name="Element Should Contain" library="SeleniumLibrary">
<arg>${txt_error}</arg>
<arg>${error_msg}</arg>
<doc>Verifies that element ``locator`` contains text ``expected``.</doc>
<msg timestamp="20230420 03:09:59.391" level="INFO">Element 'xpath://*[@id="login_button_container"]/div/form/div[3]/h3' contains text 'Epic sadface: Username is required'.</msg>
<status status="PASS" starttime="20230420 03:09:59.354" endtime="20230420 03:09:59.391"/>
</kw>
<status status="PASS" starttime="20230420 03:09:57.205" endtime="20230420 03:09:59.391"/>
</kw>
<status status="PASS" starttime="20230420 03:09:57.204" endtime="20230420 03:09:59.391"/>
</test>
<test id="s1-t2" name="Verify Login Fails Invalid Creds" line="12">
<kw name="Invalid Login Scenarios">
<arg>standard_us</arg>
<arg>secret_sauce</arg>
<arg>Epic sadface: Username and password do not match any user in this service</arg>
<kw name="Input Text" library="SeleniumLibrary">
<arg>${txtbox_username}</arg>
<arg>${username}</arg>
<doc>Types the given ``text`` into the text field identified by ``locator``.</doc>
<msg timestamp="20230420 03:09:59.393" level="INFO">Typing text 'standard_us' into text field 'xpath://input[@id='user-name']'.</msg>
<status status="PASS" starttime="20230420 03:09:59.393" endtime="20230420 03:09:59.442"/>
</kw>
<kw name="Input Text" library="SeleniumLibrary">
<arg>${txtbox_password}</arg>
<arg>${password}</arg>
<doc>Types the given ``text`` into the text field identified by ``locator``.</doc>
<msg timestamp="20230420 03:09:59.442" level="INFO">Typing text 'secret_sauce' into text field 'xpath://input[@id='password']'.</msg>
<status status="PASS" starttime="20230420 03:09:59.442" endtime="20230420 03:09:59.483"/>
</kw>
<kw name="Click Button" library="SeleniumLibrary">
<arg>${btn_login}</arg>
<doc>Clicks the button identified by ``locator``.</doc>
<msg timestamp="20230420 03:09:59.483" level="INFO">Clicking button 'xpath://input[@id='login-button']'.</msg>
<status status="PASS" starttime="20230420 03:09:59.483" endtime="20230420 03:09:59.502"/>
</kw>
<kw name="Sleep" library="BuiltIn">
<arg>2s</arg>
<doc>Pauses the test executed for the given time.</doc>
<msg timestamp="20230420 03:10:01.502" level="INFO">Slept 2 seconds</msg>
<status status="PASS" starttime="20230420 03:09:59.502" endtime="20230420 03:10:01.502"/>
</kw>
<kw name="Element Should Contain" library="SeleniumLibrary">
<arg>${txt_error}</arg>
<arg>${error_msg}</arg>
<doc>Verifies that element ``locator`` contains text ``expected``.</doc>
<msg timestamp="20230420 03:10:01.523" level="INFO">Element 'xpath://*[@id="login_button_container"]/div/form/div[3]/h3' contains text 'Epic sadface: Username and password do not match any user in this service'.</msg>
<status status="PASS" starttime="20230420 03:10:01.503" endtime="20230420 03:10:01.523"/>
</kw>
<status status="PASS" starttime="20230420 03:09:59.393" endtime="20230420 03:10:01.524"/>
</kw>
<status status="PASS" starttime="20230420 03:09:59.392" endtime="20230420 03:10:01.524"/>
</test>
<test id="s1-t3" name="Verify Login Fails Invalid Creds" line="12">
<kw name="Invalid Login Scenarios">
<arg>locked_out_user</arg>
<arg>secret_sauce</arg>
<arg>Epic sadface: Sorry, this user has been locked out.</arg>
<kw name="Input Text" library="SeleniumLibrary">
<arg>${txtbox_username}</arg>
<arg>${username}</arg>
<doc>Types the given ``text`` into the text field identified by ``locator``.</doc>
<msg timestamp="20230420 03:10:01.526" level="INFO">Typing text 'locked_out_user' into text field 'xpath://input[@id='user-name']'.</msg>
<status status="PASS" starttime="20230420 03:10:01.526" endtime="20230420 03:10:01.605"/>
</kw>
<kw name="Input Text" library="SeleniumLibrary">
<arg>${txtbox_password}</arg>
<arg>${password}</arg>
<doc>Types the given ``text`` into the text field identified by ``locator``.</doc>
<msg timestamp="20230420 03:10:01.606" level="INFO">Typing text 'secret_sauce' into text field 'xpath://input[@id='password']'.</msg>
<status status="PASS" starttime="20230420 03:10:01.605" endtime="20230420 03:10:01.651"/>
</kw>
<kw name="Click Button" library="SeleniumLibrary">
<arg>${btn_login}</arg>
<doc>Clicks the button identified by ``locator``.</doc>
<msg timestamp="20230420 03:10:01.651" level="INFO">Clicking button 'xpath://input[@id='login-button']'.</msg>
<status status="PASS" starttime="20230420 03:10:01.651" endtime="20230420 03:10:01.673"/>
</kw>
<kw name="Sleep" library="BuiltIn">
<arg>2s</arg>
<doc>Pauses the test executed for the given time.</doc>
<msg timestamp="20230420 03:10:03.674" level="INFO">Slept 2 seconds</msg>
<status status="PASS" starttime="20230420 03:10:01.673" endtime="20230420 03:10:03.674"/>
</kw>
<kw name="Element Should Contain" library="SeleniumLibrary">
<arg>${txt_error}</arg>
<arg>${error_msg}</arg>
<doc>Verifies that element ``locator`` contains text ``expected``.</doc>
<msg timestamp="20230420 03:10:03.696" level="INFO">Element 'xpath://*[@id="login_button_container"]/div/form/div[3]/h3' contains text 'Epic sadface: Sorry, this user has been locked out.'.</msg>
<status status="PASS" starttime="20230420 03:10:03.674" endtime="20230420 03:10:03.696"/>
</kw>
<status status="PASS" starttime="20230420 03:10:01.526" endtime="20230420 03:10:03.697"/>
</kw>
<status status="PASS" starttime="20230420 03:10:01.525" endtime="20230420 03:10:03.697"/>
</test>
<test id="s1-t4" name="Verify Login Fails Invalid Creds" line="12">
<kw name="Invalid Login Scenarios">
<arg>standard_user</arg>
<arg>secret_sa</arg>
<arg>Epic sadface: Username and password do not match any user in this service</arg>
<kw name="Input Text" library="SeleniumLibrary">
<arg>${txtbox_username}</arg>
<arg>${username}</arg>
<doc>Types the given ``text`` into the text field identified by ``locator``.</doc>
<msg timestamp="20230420 03:10:03.699" level="INFO">Typing text 'standard_user' into text field 'xpath://input[@id='user-name']'.</msg>
<status status="PASS" starttime="20230420 03:10:03.699" endtime="20230420 03:10:03.773"/>
</kw>
<kw name="Input Text" library="SeleniumLibrary">
<arg>${txtbox_password}</arg>
<arg>${password}</arg>
<doc>Types the given ``text`` into the text field identified by ``locator``.</doc>
<msg timestamp="20230420 03:10:03.775" level="INFO">Typing text 'secret_sa' into text field 'xpath://input[@id='password']'.</msg>
<status status="PASS" starttime="20230420 03:10:03.773" endtime="20230420 03:10:03.813"/>
</kw>
<kw name="Click Button" library="SeleniumLibrary">
<arg>${btn_login}</arg>
<doc>Clicks the button identified by ``locator``.</doc>
<msg timestamp="20230420 03:10:03.813" level="INFO">Clicking button 'xpath://input[@id='login-button']'.</msg>
<status status="PASS" starttime="20230420 03:10:03.813" endtime="20230420 03:10:03.831"/>
</kw>
<kw name="Sleep" library="BuiltIn">
<arg>2s</arg>
<doc>Pauses the test executed for the given time.</doc>
<msg timestamp="20230420 03:10:05.831" level="INFO">Slept 2 seconds</msg>
<status status="PASS" starttime="20230420 03:10:03.831" endtime="20230420 03:10:05.831"/>
</kw>
<kw name="Element Should Contain" library="SeleniumLibrary">
<arg>${txt_error}</arg>
<arg>${error_msg}</arg>
<doc>Verifies that element ``locator`` contains text ``expected``.</doc>
<msg timestamp="20230420 03:10:05.853" level="INFO">Element 'xpath://*[@id="login_button_container"]/div/form/div[3]/h3' contains text 'Epic sadface: Username and password do not match any user in this service'.</msg>
<status status="PASS" starttime="20230420 03:10:05.832" endtime="20230420 03:10:05.853"/>
</kw>
<status status="PASS" starttime="20230420 03:10:03.699" endtime="20230420 03:10:05.854"/>
</kw>
<status status="PASS" starttime="20230420 03:10:03.698" endtime="20230420 03:10:05.854"/>
</test>
<test id="s1-t5" name="Verify Login Fails Invalid Creds" line="12">
<kw name="Invalid Login Scenarios">
<arg>standard_u</arg>
<arg> secret_s</arg>
<arg>Epic sadface: Username and password do not match any user in this service</arg>
<kw name="Input Text" library="SeleniumLibrary">
<arg>${txtbox_username}</arg>
<arg>${username}</arg>
<doc>Types the given ``text`` into the text field identified by ``locator``.</doc>
<msg timestamp="20230420 03:10:05.857" level="INFO">Typing text 'standard_u' into text field 'xpath://input[@id='user-name']'.</msg>
<status status="PASS" starttime="20230420 03:10:05.857" endtime="20230420 03:10:05.943"/>
</kw>
<kw name="Input Text" library="SeleniumLibrary">
<arg>${txtbox_password}</arg>
<arg>${password}</arg>
<doc>Types the given ``text`` into the text field identified by ``locator``.</doc>
<msg timestamp="20230420 03:10:05.943" level="INFO">Typing text ' secret_s' into text field 'xpath://input[@id='password']'.</msg>
<status status="PASS" starttime="20230420 03:10:05.943" endtime="20230420 03:10:05.992"/>
</kw>
<kw name="Click Button" library="SeleniumLibrary">
<arg>${btn_login}</arg>
<doc>Clicks the button identified by ``locator``.</doc>
<msg timestamp="20230420 03:10:05.993" level="INFO">Clicking button 'xpath://input[@id='login-button']'.</msg>
<status status="PASS" starttime="20230420 03:10:05.993" endtime="20230420 03:10:06.032"/>
</kw>
<kw name="Sleep" library="BuiltIn">
<arg>2s</arg>
<doc>Pauses the test executed for the given time.</doc>
<msg timestamp="20230420 03:10:08.032" level="INFO">Slept 2 seconds</msg>
<status status="PASS" starttime="20230420 03:10:06.032" endtime="20230420 03:10:08.032"/>
</kw>
<kw name="Element Should Contain" library="SeleniumLibrary">
<arg>${txt_error}</arg>
<arg>${error_msg}</arg>
<doc>Verifies that element ``locator`` contains text ``expected``.</doc>
<msg timestamp="20230420 03:10:08.043" level="INFO">Element 'xpath://*[@id="login_button_container"]/div/form/div[3]/h3' contains text 'Epic sadface: Username and password do not match any user in this service'.</msg>
<status status="PASS" starttime="20230420 03:10:08.032" endtime="20230420 03:10:08.043"/>
</kw>
<status status="PASS" starttime="20230420 03:10:05.856" endtime="20230420 03:10:08.043"/>
</kw>
<status status="PASS" starttime="20230420 03:10:05.855" endtime="20230420 03:10:08.044"/>
</test>
<kw name="Finish TestCase" library="Common" type="TEARDOWN">
<kw name="Close Browser" library="SeleniumLibrary">
<doc>Closes the current browser.</doc>
<status status="PASS" starttime="20230420 03:10:08.044" endtime="20230420 03:10:11.411"/>
</kw>
<status status="PASS" starttime="20230420 03:10:08.044" endtime="20230420 03:10:11.411"/>
</kw>
<status status="PASS" starttime="20230420 03:09:51.832" endtime="20230420 03:10:11.411"/>
</suite>
<statistics>
<total>
<stat pass="5" fail="0" skip="0">All Tests</stat>
</total>
<tag>
</tag>
<suite>
<stat pass="5" fail="0" skip="0" id="s1" name="DDT-CSV">DDT-CSV</stat>
</suite>
</statistics>
<errors>
<msg timestamp="20230420 03:09:51.966" level="WARN">Imported resource file 'D:\TechProEdu\PycharmProjects\Automation_RobotFramework\Tests\TestData\ConfigData.robot' is empty.</msg>
<msg timestamp="20230420 03:09:59.392" level="WARN">Multiple tests with name 'Verify Login Fails Invalid Creds' executed in suite 'DDT-CSV'.</msg>
<msg timestamp="20230420 03:10:01.524" level="WARN">Multiple tests with name 'Verify Login Fails Invalid Creds' executed in suite 'DDT-CSV'.</msg>
<msg timestamp="20230420 03:10:03.698" level="WARN">Multiple tests with name 'Verify Login Fails Invalid Creds' executed in suite 'DDT-CSV'.</msg>
<msg timestamp="20230420 03:10:05.855" level="WARN">Multiple tests with name 'Verify Login Fails Invalid Creds' executed in suite 'DDT-CSV'.</msg>
</errors>
</robot>
